***************************************************************
============ Job Infos ============
Node list:
Job Id: 167327
Job Name: drakeOpt
Partition: standard
Submit directory: /gluster/scratch/fgirlanda
Submit host: hpc-lnode01.dfki.uni-bremen.de
In the directory: 'SCRATCH'
At the user: 'fgirlanda'
Python version: '3.8'
‘***************************************************************
Defaulting to user installation because normal site-packages is not writeable
Processing ./software/python
  Preparing metadata (setup.py): started
  Preparing metadata (setup.py): finished with status 'done'
Collecting argparse
  Using cached argparse-1.4.0-py2.py3-none-any.whl (23 kB)
Requirement already satisfied: cma in /usr/local/lib/python3.10/dist-packages (from robust-codesign==2.0.0) (3.3.0)
Requirement already satisfied: filterpy in /usr/local/lib/python3.10/dist-packages (from robust-codesign==2.0.0) (1.4.5)
Requirement already satisfied: ipykernel in /usr/lib/python3/dist-packages (from robust-codesign==2.0.0) (6.7.0)
Requirement already satisfied: lxml in /usr/lib/python3/dist-packages (from robust-codesign==2.0.0) (4.8.0)
Requirement already satisfied: matplotlib in /usr/lib/python3/dist-packages (from robust-codesign==2.0.0) (3.5.1)
Requirement already satisfied: numpy in /usr/lib/python3/dist-packages (from robust-codesign==2.0.0) (1.21.5)
Requirement already satisfied: pandas in /usr/local/lib/python3.10/dist-packages (from robust-codesign==2.0.0) (1.5.3)
Requirement already satisfied: pyyaml in /usr/lib/python3/dist-packages (from robust-codesign==2.0.0) (5.4.1)
Requirement already satisfied: scipy in /usr/lib/python3/dist-packages (from robust-codesign==2.0.0) (1.8.0)
Requirement already satisfied: sympy in /usr/lib/python3/dist-packages (from robust-codesign==2.0.0) (1.9)
Requirement already satisfied: debugpy<2.0,>=1.0.0 in /usr/local/lib/python3.10/dist-packages (from ipykernel->robust-codesign==2.0.0) (1.6.6)
Requirement already satisfied: python-dateutil>=2.8.1 in /usr/lib/python3/dist-packages (from pandas->robust-codesign==2.0.0) (2.8.1)
Requirement already satisfied: pytz>=2020.1 in /usr/lib/python3/dist-packages (from pandas->robust-codesign==2.0.0) (2022.1)
Building wheels for collected packages: robust-codesign
  Building wheel for robust-codesign (setup.py): started
  Building wheel for robust-codesign (setup.py): finished with status 'done'
  Created wheel for robust-codesign: filename=robust_codesign-2.0.0-py3-none-any.whl size=183669 sha256=b17b94c59b295e71763814f249c9a8c5c3f4c541b295327eeddb36c609305fbb
  Stored in directory: /tmp/pip-ephem-wheel-cache-gz4rqhxk/wheels/6e/eb/0d/795a89f6d72f87d018bd44d358cb3e65c2c9296e731a438b05
Successfully built robust-codesign
Installing collected packages: argparse, robust-codesign
  Attempting uninstall: robust-codesign
    Found existing installation: robust-codesign 2.0.0
    Uninstalling robust-codesign-2.0.0:
      Successfully uninstalled robust-codesign-2.0.0
Successfully installed argparse-1.4.0 robust-codesign-2.0.0
 
Inner optimization function evaluation (q11, q22, r, obj):  [7.594400621551221, 11.638709169038055, 8.116763444083647, -8.228982852899147]
Inner optimization function evaluation (q11, q22, r, obj):  [6.8959967591976135, 11.039398543440091, 9.117433262905111, -8.009267775920609]
Inner optimization function evaluation (q11, q22, r, obj):  [8.469927329291426, 11.362747670432507, 9.50694635129013, -6.786211543945284]
Inner optimization function evaluation (q11, q22, r, obj):  [9.688521560292598, 14.21228255837294, 9.996292344652089, -5.746486888024545]
Inner optimization function evaluation (q11, q22, r, obj):  [3.4628107242113604, 10.776968186038019, 9.471250866410145, -10.572986730886003]
Inner optimization function evaluation (q11, q22, r, obj):  [9.673216006786674, 15.103410637589281, 7.842871043140603, -6.528635623640965]
Inner optimization function evaluation (q11, q22, r, obj):  [12.93147166686173, 11.433289859604518, 9.818986767696195, -5.40428049149546]
Inner optimization function evaluation (q11, q22, r, obj):  [9.697504271158842, 9.606894649193679, 9.169938955019733, -7.04608322254158]
Inner optimization function evaluation (q11, q22, r, obj):  [11.195796054631721, 8.705670930990886, 8.389077751971023, -7.744462653720499]
Inner optimization function evaluation (q11, q22, r, obj):  [6.797176292450287, 10.463079915645185, 9.983402413782196, -7.797179519882106]
Inner optimization function evaluation (q11, q22, r, obj):  [10.67199691124779, 13.87731867905874, 7.048401622220117, -7.248056781665447]
Inner optimization function evaluation (q11, q22, r, obj):  [11.635899420332205, 11.380177498508075, 9.999989800258327, -5.608141203169213]
Inner optimization function evaluation (q11, q22, r, obj):  [8.841910076217637, 13.625984702003167, 8.728423147682227, -6.626897681866888]
Inner optimization function evaluation (q11, q22, r, obj):  [6.5694341556635925, 9.430936124453265, 9.952325719559417, -8.117641390146296]
Inner optimization function evaluation (q11, q22, r, obj):  [10.25398644286463, 9.165068673093392, 7.645569389223317, -8.339175587730317]
Inner optimization function evaluation (q11, q22, r, obj):  [9.052587577636556, 6.450084764566463, 9.636687616051383, -8.63669227857919]
Inner optimization function evaluation (q11, q22, r, obj):  [13.618970455914868, 10.311580028788196, 8.37552741074539, -6.323726370405961]
Inner optimization function evaluation (q11, q22, r, obj):  [11.418976138086178, 7.125611267563187, 2.183201134751016, -23.44120749629678]
Inner optimization function evaluation (q11, q22, r, obj):  [8.819254205026201, 4.035121487656477, 6.329448754879797, -14.296399734263009]
Inner optimization function evaluation (q11, q22, r, obj):  [10.945281961295768, 9.133299123245507, 9.733850317904142, -6.7340824511337924]
Inner optimization function evaluation (q11, q22, r, obj):  [10.042837415561994, 4.390598746658451, 9.873084337584915, -9.024544869748562]
Iterat #Fevals   function value  axis ratio  sigma  min&max std  t[m:s]
    1     21 -2.344120749629678e+01 1.0e+00 4.43e+00  3e+00  5e+00 9:20.9
Inner optimization function evaluation (q11, q22, r, obj):  [11.598034901837087, 1.0037961391571009, 7.91322419339924, -14.09507530018308]
Inner optimization function evaluation (q11, q22, r, obj):  [19.15200874862936, 1.2750053683715068, 7.118559715570415, -10.571418779324818]
Inner optimization function evaluation (q11, q22, r, obj):  [4.612853732380223, 15.197038441188745, 9.229764126617491, -7.679728487862367]
Inner optimization function evaluation (q11, q22, r, obj):  [6.41047861282051, 5.276571419890309, 6.899997685421726, -14.37577307072981]
Inner optimization function evaluation (q11, q22, r, obj):  [6.930541063336473, 1.8980482958109004, 7.1684509718870855, -18.200749259601494]
Inner optimization function evaluation (q11, q22, r, obj):  [6.022241519080146, 13.903794374349769, 8.266282586546401, -8.171606826274894]
Inner optimization function evaluation (q11, q22, r, obj):  [11.300977789376175, 13.3648654660843, 8.117263908129173, -6.622219741866258]
Inner optimization function evaluation (q11, q22, r, obj):  [10.156678111207732, 10.74986597174705, 8.119971378359182, -7.253807749537074]
Inner optimization function evaluation (q11, q22, r, obj):  [13.945616967729784, 1.8869432964348318, 6.349455471096739, -13.33495294773114]
Inner optimization function evaluation (q11, q22, r, obj):  [7.239140334405438, 8.07664746923797, 5.099891532623925, -14.106411755126087]
Inner optimization function evaluation (q11, q22, r, obj):  [6.627635733558964, 14.297635111896955, 9.561051032981311, -6.81459329799609]
Inner optimization function evaluation (q11, q22, r, obj):  [11.152560017898164, 9.753857456697236, 4.316554002202418, -14.141732377919709]
Inner optimization function evaluation (q11, q22, r, obj):  [9.603623311830013, 1.0351715107934985, 0.22748129472054757, -9.299987799632577e-18]
Inner optimization function evaluation (q11, q22, r, obj):  [5.032282109493469, 5.156077139932021, 6.8402182042937705, -16.562592890539996]
Inner optimization function evaluation (q11, q22, r, obj):  [5.09454115061196, 1.6427554544545782, 4.039540603058928, -33.9354965364909]
Inner optimization function evaluation (q11, q22, r, obj):  [10.500853901892867, 13.416975085244866, 5.491203152021718, -9.049018057889127]
Inner optimization function evaluation (q11, q22, r, obj):  [11.460565655406072, 14.241730081196597, 7.550382148706749, -6.296810602959125]
Inner optimization function evaluation (q11, q22, r, obj):  [3.3139653963603806, 2.766604390049425, 5.866675743084654, -27.89817632236805]
Inner optimization function evaluation (q11, q22, r, obj):  [12.353108664829351, 1.126708049886129, 6.432138046256334, -15.194186752397583]
Inner optimization function evaluation (q11, q22, r, obj):  [8.774971755446787, 6.460291529797653, 3.003573310003407, -21.95906900818169]
Inner optimization function evaluation (q11, q22, r, obj):  [12.100117572168855, 5.631223577209996, 8.564816532245874, -8.323057796757446]
    2     42 -3.393549653649090e+01 1.4e+00 7.04e+00  3e+00  6e+00 18:27.8
Inner optimization function evaluation (q11, q22, r, obj):  [1.3752120021392766, 8.81164768478789, 6.798486265779511, -21.051365658619183]
Inner optimization function evaluation (q11, q22, r, obj):  [16.8422946846797, 12.218664297846237, 8.320007480515251, -5.591135189247098]
Inner optimization function evaluation (q11, q22, r, obj):  [3.700938258991449, 6.624883402923896, 5.3891776403113525, -19.63554936175601]
Inner optimization function evaluation (q11, q22, r, obj):  [2.431229536599978, 5.3415235087888515, 1.1989847184892302, -97.74437114767946]
Inner optimization function evaluation (q11, q22, r, obj):  [4.274860819952133, 3.589160135915355, 3.8934519034923563, -30.64709821826514]
Inner optimization function evaluation (q11, q22, r, obj):  [4.435305271676086, 1.0255098103058182, 9.091294067409601, -21.51466197053758]
Inner optimization function evaluation (q11, q22, r, obj):  [14.994721108623555, 4.4536895989156715, 1.1534761173931192, -48.20649352407518]
Inner optimization function evaluation (q11, q22, r, obj):  [12.57140612882561, 1.9531628760523905, 3.778860372292078, -21.55845484828542]
Inner optimization function evaluation (q11, q22, r, obj):  [16.721287905143093, 5.723698977808512, 6.8190787070237935, -8.742646474219594]
Inner optimization function evaluation (q11, q22, r, obj):  [5.878574313219548, 2.3330654656493577, 3.4288294185079042, -33.20237538469463]
Inner optimization function evaluation (q11, q22, r, obj):  [10.439777420048298, 4.9132976248200055, 8.38539106325848, -9.801121023912732]
Inner optimization function evaluation (q11, q22, r, obj):  [9.596208666074547, 1.2386545169076475, 1.7587999058431647, -49.34644685497189]
Inner optimization function evaluation (q11, q22, r, obj):  [5.481194757319352, 1.8690182304038534, 4.179139392789094, -30.684392916783775]
Inner optimization function evaluation (q11, q22, r, obj):  [19.96917671749939, 5.054958795272789, 0.5597702278892807, -69.7595257116856]
Inner optimization function evaluation (q11, q22, r, obj):  [9.794134457855131, 5.406266201593897, 8.030187539873502, -10.473394987442411]
Inner optimization function evaluation (q11, q22, r, obj):  [12.27000623410413, 9.321768545974257, 6.199470782702218, -8.930087615139286]
Inner optimization function evaluation (q11, q22, r, obj):  [7.4772488398441945, 8.333779803602216, 6.259366078459667, -12.023732952390468]
Inner optimization function evaluation (q11, q22, r, obj):  [1.991400946490141, 5.535096168420401, 5.623383617340175, -26.746292464542332]
Inner optimization function evaluation (q11, q22, r, obj):  [15.877086064736758, 4.342830418499595, 0.9107496052376507, -49.76610493054548]
Inner optimization function evaluation (q11, q22, r, obj):  [1.914506052057816, 5.96055820498133, 9.996435314223671, -16.65580975513934]
Inner optimization function evaluation (q11, q22, r, obj):  [11.986913605184217, 3.977515328589722, 0.8255673386602167, -63.10803279551152]
    3     63 -9.774437114767946e+01 1.5e+00 1.20e+01  3e+00  6e+00 29:32.0
Inner optimization function evaluation (q11, q22, r, obj):  [12.83688067048227, 10.957132898213807, 3.5383899567766948, -12.848258288493756]
Inner optimization function evaluation (q11, q22, r, obj):  [9.509123635372092, 6.329130268632888, 0.8755211970423931, -61.91234171931787]
Inner optimization function evaluation (q11, q22, r, obj):  [19.816473682462576, 1.8523129600555177, 0.585121703116761, -83.98960530551784]
Inner optimization function evaluation (q11, q22, r, obj):  [2.771294385330429, 1.405268472341054, 1.717931218315499, -91.14280506982905]
Inner optimization function evaluation (q11, q22, r, obj):  [1.282160495560861, 1.7200537036253298, 5.201507247860714, -50.2763444587831]
Inner optimization function evaluation (q11, q22, r, obj):  [8.78794899830846, 8.414775659169969, 3.616250103010567, -16.80251691676093]
Inner optimization function evaluation (q11, q22, r, obj):  [16.060851499560954, 1.6202782864336585, 0.5663686702536022, -87.56967930434334]
Inner optimization function evaluation (q11, q22, r, obj):  [7.539776487127654, 11.06014892020728, 0.3941549148491791, -169.1669429733312]
Inner optimization function evaluation (q11, q22, r, obj):  [18.18179300198777, 1.9423178857469143, 4.372543835126692, -15.074120927444465]
Inner optimization function evaluation (q11, q22, r, obj):  [7.782670463796354, 3.8874947527541437, 3.9203121153633242, -22.624567634683867]
Inner optimization function evaluation (q11, q22, r, obj):  [7.386523508820138, 8.776427258396374, 1.8550114604217574, -31.863307003674016]
Inner optimization function evaluation (q11, q22, r, obj):  [7.4282273264785115, 17.699840684414887, 0.5680412736907199, -148.2888474594991]
Inner optimization function evaluation (q11, q22, r, obj):  [7.7201090718281336, 6.962667389174157, 3.629681313925585, -20.010291204075543]
Inner optimization function evaluation (q11, q22, r, obj):  [9.591710493364573, 2.970410041658114, 6.069131851826702, -15.505861462757249]
Inner optimization function evaluation (q11, q22, r, obj):  [5.206859949144108, 7.657733326132831, 0.43508482263922443, -183.46144480640226]
Inner optimization function evaluation (q11, q22, r, obj):  [3.864444438773959, 3.3959074869094943, 0.7537853023825132, -128.80814240483636]
Inner optimization function evaluation (q11, q22, r, obj):  [18.213523676411405, 1.6184502858940355, 9.670535323405705, -8.430443360411111]
Inner optimization function evaluation (q11, q22, r, obj):  [8.89590003352278, 7.575953307076299, 0.7205490975198782, -81.84790639275965]
Inner optimization function evaluation (q11, q22, r, obj):  [3.2999437315140376, 3.7926569788882323, 3.8195830133987854, -35.625707344602894]
Inner optimization function evaluation (q11, q22, r, obj):  [15.335453040880275, 8.652525569663663, 1.8086112537105437, -25.918200578201095]
Inner optimization function evaluation (q11, q22, r, obj):  [8.822443633879452, 2.6540779616434294, 1.9445896642022462, -40.90133622893501]
    4     84 -1.834614448064023e+02 1.9e+00 1.56e+01  3e+00  6e+00 43:51.2
Inner optimization function evaluation (q11, q22, r, obj):  [11.581510846800082, 4.389819098431786, 4.124115604184372, -18.054512990753953]
Inner optimization function evaluation (q11, q22, r, obj):  [2.8824161299274564, 9.088937714987802, 1.5999421255063713, -57.44700977898675]
Inner optimization function evaluation (q11, q22, r, obj):  [1.6623065318971877, 13.4722178255621, 0.20168969215214394, -7.56725813366905e-18]
Inner optimization function evaluation (q11, q22, r, obj):  [17.088087736596485, 5.575660532846445, 2.427006581017138, -20.258917445157387]
Inner optimization function evaluation (q11, q22, r, obj):  [3.8055678473945194, 6.058212078395721, 3.0144782005774178, -33.89865213371637]
Inner optimization function evaluation (q11, q22, r, obj):  [2.3068304523780228, 2.919984352956999, 0.23909703789216896, -1.3606562417244183e-17]
Inner optimization function evaluation (q11, q22, r, obj):  [8.570429240495221, 8.001290294600578, 3.6384842792210605, -17.760957930260428]
Inner optimization function evaluation (q11, q22, r, obj):  [2.285799836335773, 11.499108995530882, 3.1866678478918256, -28.353393794051204]
Inner optimization function evaluation (q11, q22, r, obj):  [8.179472797870806, 5.115042377909555, 3.345571834651784, -22.537380757561564]
Inner optimization function evaluation (q11, q22, r, obj):  [6.2287645668915985, 11.809232861127336, 0.40189112339573896, -224.40575069576553]
Inner optimization function evaluation (q11, q22, r, obj):  [1.00937994904218, 2.007206368325451, 2.822014124142705, -83.61402473466492]
Inner optimization function evaluation (q11, q22, r, obj):  [2.239757414984367, 6.544790510666188, 4.597672977159965, -27.946306814769514]
Inner optimization function evaluation (q11, q22, r, obj):  [2.7571153988070547, 16.39294225710178, 1.0152471000946908, -76.65906461063602]
Inner optimization function evaluation (q11, q22, r, obj):  [8.352918041086925, 1.660943133356195, 2.1918228921290064, -40.5886673646184]
Inner optimization function evaluation (q11, q22, r, obj):  [5.449459271810705, 2.2471806969379537, 1.9148532428358367, -55.26039014899466]
Inner optimization function evaluation (q11, q22, r, obj):  [7.169925231116905, 2.738679593231579, 0.2770197578388948, -1.4677806724289901e-10]
Inner optimization function evaluation (q11, q22, r, obj):  [8.853857168768346, 9.3459587217751, 1.9813454187153408, -28.497203843998324]
Inner optimization function evaluation (q11, q22, r, obj):  [6.907274303060788, 15.284695271893927, 0.8036211869980875, -80.54469974081917]
Inner optimization function evaluation (q11, q22, r, obj):  [1.018599023607513, 11.150147713328359, 1.3224768922737644, -89.89197171131865]
Inner optimization function evaluation (q11, q22, r, obj):  [10.823496172669953, 3.2389519117272476, 8.419899975086112, -11.035510102339586]
Inner optimization function evaluation (q11, q22, r, obj):  [7.928485069585806, 13.641189344136752, 2.8417576297719593, -19.942908373331257]
    5    105 -2.244057506957655e+02 1.4e+00 2.39e+01  3e+00  6e+00 54:35.6
The process took 54 minutes
Optimal solution:  [ 6.22876457 11.80923286  0.40189112]
Optimal value of the objective function:  -224.40575069576553
The optimal Q is:  [[ 6.22876457  0.          0.          0.        ]
 [ 0.         11.80923286  0.          0.        ]
 [ 0.          0.          0.1         0.        ]
 [ 0.          0.          0.          0.1       ]]
The optimal R is:  [0.40189112339573896]
Volume of CMA-ES funnel: 173.76385763891332
Volume of init funnel: 6.766180328985528
job Finisced!
TrajOpt ERROR, The new volumeDIRTRAN is:  -0.0001
TrajOpt ERROR, The new volumeDIRTRAN is:  -0.0001
TrajOpt ERROR, The new volumeDIRTRAN is:  -0.0001
TrajOpt ERROR, The new volumeDIRTRAN is:  -0.0001
TrajOpt ERROR, The new volumeDIRTRAN is:  -0.0001
TrajOpt ERROR, The new volumeDIRTRAN is:  -0.0001
TrajOpt ERROR, The new volumeDIRTRAN is:  -0.0001
TrajOpt ERROR, The new volumeDIRTRAN is:  -0.0001
TrajOpt ERROR, The new volumeDIRTRAN is:  -0.0001
TrajOpt ERROR, The new volumeDIRTRAN is:  -0.0001
TrajOpt ERROR, The new volumeDIRTRAN is:  -0.0001
TrajOpt ERROR, The new volumeDIRTRAN is:  -0.0001
Inner optimization function evaluation (q11, q22, r, obj):  [10.517902836764133, 11.32050508809456, 11.81229288833894, -4.585240713700999]
TrajOpt ERROR, The new volumeDIRTRAN is:  -0.0001
TrajOpt ERROR, The new volumeDIRTRAN is:  -0.0001
TrajOpt ERROR, The new volumeDIRTRAN is:  -0.0001
TrajOpt ERROR, The new volumeDIRTRAN is:  -0.0001
TrajOpt ERROR, The new volumeDIRTRAN is:  -0.0001
TrajOpt ERROR, The new volumeDIRTRAN is:  -0.0001
Inner optimization function evaluation (q11, q22, r, obj):  [9.928547691520198, 6.692962271277069, 7.464654445844809, -8.456044801550394]
TrajOpt ERROR, The new volumeDIRTRAN is:  -0.0001
Iterat #Fevals   function value  axis ratio  sigma  min&max std  t[m:s]
    1     21 -8.456044801550394e+00 1.0e+00 2.18e+00  2e+00  2e+00 2:19.1
TrajOpt ERROR, The new volumeDIRTRAN is:  -0.0001
TrajOpt ERROR, The new volumeDIRTRAN is:  -0.0001
TrajOpt ERROR, The new volumeDIRTRAN is:  -0.0001
TrajOpt ERROR, The new volumeDIRTRAN is:  -0.0001
Inner optimization function evaluation (q11, q22, r, obj):  [13.985867747975746, 8.20713326132373, 9.064386477826027, -5.5439312086819115]
TrajOpt ERROR, The new volumeDIRTRAN is:  -0.0001
TrajOpt ERROR, The new volumeDIRTRAN is:  -0.0001
Inner optimization function evaluation (q11, q22, r, obj):  [11.278631982960981, 9.3513575890557, 11.073834483636444, -5.0652214741611745]
Inner optimization function evaluation (q11, q22, r, obj):  [11.992323941204496, 11.046145219143058, 10.676981556363124, -4.676236288975347]
TrajOpt ERROR, The new volumeDIRTRAN is:  -0.0001
TrajOpt ERROR, The new volumeDIRTRAN is:  -0.0001
TrajOpt ERROR, The new volumeDIRTRAN is:  -0.0001
Inner optimization function evaluation (q11, q22, r, obj):  [9.627947807083162, 13.691649286422294, 10.066196399526829, -4.923134086717723]
TrajOpt ERROR, The new volumeDIRTRAN is:  -0.0001
TrajOpt ERROR, The new volumeDIRTRAN is:  -0.0001
TrajOpt ERROR, The new volumeDIRTRAN is:  -0.0001
TrajOpt ERROR, The new volumeDIRTRAN is:  -0.0001
Inner optimization function evaluation (q11, q22, r, obj):  [9.48476525028316, 10.654507430550819, 7.149475945044122, -7.28070957182927]
Inner optimization function evaluation (q11, q22, r, obj):  [7.075232209956058, 12.375380267877608, 9.648203630491604, -6.25098579151912]
TrajOpt ERROR, The new volumeDIRTRAN is:  -0.0001
TrajOpt ERROR, The new volumeDIRTRAN is:  -0.0001
    2     42 -7.280709571829270e+00 1.2e+00 2.19e+00  2e+00  2e+00 6:59.0
The process took 6 minutes
Optimal solution:  [9.92854769 6.69296227 7.46465445]
Optimal value of the objective function:  -8.456044801550394
Outern optimization function evaluation (Mp,lp,q11, q22, r, obj):  [0.29910571254433366, 0.17784083758408292, 9.928547691520198, 6.692962271277069, 7.464654445844809, -8.456044801550394]
TrajOpt ERROR, The new volumeDIRTRAN is:  -0.0001
TrajOpt ERROR, The new volumeDIRTRAN is:  -0.0001
TrajOpt ERROR, The new volumeDIRTRAN is:  -0.0001
Inner optimization function evaluation (q11, q22, r, obj):  [8.496805390630344, 7.177822091297527, 9.089866772202821, -7.851992702509743]
Inner optimization function evaluation (q11, q22, r, obj):  [11.029180800522251, 3.0190278078886794, 7.384907896341913, -10.991173080222026]
Inner optimization function evaluation (q11, q22, r, obj):  [6.325437091682173, 4.557122935197841, 10.358097696874449, -9.946741117165818]
Inner optimization function evaluation (q11, q22, r, obj):  [7.4320623841448334, 6.561555382561436, 8.019705001997737, -9.723391656446564]
Inner optimization function evaluation (q11, q22, r, obj):  [12.418031688144879, 4.34638759559196, 7.6375887291532525, -8.75287930857561]
Inner optimization function evaluation (q11, q22, r, obj):  [11.672080572485896, 7.319628615303017, 9.411277610229096, -6.578907967593405]
TrajOpt ERROR, The new volumeDIRTRAN is:  -0.0001
Inner optimization function evaluation (q11, q22, r, obj):  [8.850026468796733, 3.7860204351682336, 9.004203051435633, -9.949506604041655]
TrajOpt ERROR, The new volumeDIRTRAN is:  -0.0001
TrajOpt ERROR, The new volumeDIRTRAN is:  -0.0001
TrajOpt ERROR, The new volumeDIRTRAN is:  -0.0001
Inner optimization function evaluation (q11, q22, r, obj):  [11.09999515869372, 8.010687112175715, 8.820305878943024, -6.688868021645582]
TrajOpt ERROR, The new volumeDIRTRAN is:  -0.0001
Inner optimization function evaluation (q11, q22, r, obj):  [11.892910302805806, 3.2093256998417985, 9.779686746303561, -8.25799771996404]
TrajOpt ERROR, The new volumeDIRTRAN is:  -0.0001
TrajOpt ERROR, The new volumeDIRTRAN is:  -0.0001
TrajOpt ERROR, The new volumeDIRTRAN is:  -0.0001
Inner optimization function evaluation (q11, q22, r, obj):  [15.264698809241356, 6.146399108794016, 12.324131037379354, -4.832730886838878]
Iterat #Fevals   function value  axis ratio  sigma  min&max std  t[m:s]
    1     21 -1.099117308022203e+01 1.0e+00 3.27e+00  3e+00  3e+00 5:52.0
TrajOpt ERROR, The new volumeDIRTRAN is:  -0.0001
TrajOpt ERROR, The new volumeDIRTRAN is:  -0.0001
TrajOpt ERROR, The new volumeDIRTRAN is:  -0.0001
TrajOpt ERROR, The new volumeDIRTRAN is:  -0.0001
Inner optimization function evaluation (q11, q22, r, obj):  [7.579409207349157, 1.5098778773236543, 9.480666781274477, -13.1822122238631]
Inner optimization function evaluation (q11, q22, r, obj):  [7.287418402191728, 3.630787002337164, 11.127814112090803, -9.495496485033264]
Inner optimization function evaluation (q11, q22, r, obj):  [6.416372106869625, 7.903563954341218, 8.687379749156408, -8.953457942353324]
TrajOpt ERROR, The new volumeDIRTRAN is:  -0.0001
Inner optimization function evaluation (q11, q22, r, obj):  [9.533978676203393, 2.197386890042247, 10.02923230666456, -10.120143277647703]
TrajOpt ERROR, The new volumeDIRTRAN is:  -0.0001
TrajOpt ERROR, The new volumeDIRTRAN is:  -0.0001
Inner optimization function evaluation (q11, q22, r, obj):  [12.27501738955702, 5.635487463831785, 10.065388464120543, -6.575198080915609]
TrajOpt ERROR, The new volumeDIRTRAN is:  -0.0001
Inner optimization function evaluation (q11, q22, r, obj):  [6.568719646740545, 14.548740332533923, 12.730034278956273, -4.842753445353656]
Inner optimization function evaluation (q11, q22, r, obj):  [9.66736903080297, 6.597284591873356, 8.100424861337533, -8.346523576309568]
Inner optimization function evaluation (q11, q22, r, obj):  [14.067552898803218, 7.204497583566129, 9.769017289229867, -5.592273766173304]
Inner optimization function evaluation (q11, q22, r, obj):  [10.682963875399462, 3.662558876280579, 9.517961218175472, -8.646604728594964]
TrajOpt ERROR, The new volumeDIRTRAN is:  -0.0001
Inner optimization function evaluation (q11, q22, r, obj):  [8.82499215628864, 1.1020777823610652, 7.650750159224504, -14.967800307185293]
Inner optimization function evaluation (q11, q22, r, obj):  [16.15122723447414, 8.999130616683289, 12.43836847530612, -3.956987768779679]
TrajOpt ERROR, The new volumeDIRTRAN is:  -0.0001
    2     42 -1.496780030718529e+01 1.4e+00 3.63e+00  3e+00  4e+00 12:01.0
The process took 12 minutes
Optimal solution:  [8.82499216 1.10207778 7.65075016]
Optimal value of the objective function:  -14.967800307185293
Outern optimization function evaluation (Mp,lp,q11, q22, r, obj):  [0.25904853228705393, 0.1855265545482696, 8.82499215628864, 1.1020777823610652, 7.650750159224504, -14.967800307185293]
TrajOpt ERROR, The new volumeDIRTRAN is:  -0.0001
TrajOpt ERROR, The new volumeDIRTRAN is:  -0.0001
TrajOpt ERROR, The new volumeDIRTRAN is:  -0.0001
TrajOpt ERROR, The new volumeDIRTRAN is:  -0.0001
Inner optimization function evaluation (q11, q22, r, obj):  [4.404226815167462, 2.0596338602401905, 8.045489440236686, -20.663865443023987]
Inner optimization function evaluation (q11, q22, r, obj):  [11.443800975807624, 4.170508002772269, 6.448180535013379, -12.09788267948407]
TrajOpt ERROR, The new volumeDIRTRAN is:  -0.0001
TrajOpt ERROR, The new volumeDIRTRAN is:  -0.0001
TrajOpt ERROR, The new volumeDIRTRAN is:  -0.0001
TrajOpt ERROR, The new volumeDIRTRAN is:  -0.0001
TrajOpt ERROR, The new volumeDIRTRAN is:  -0.0001
TrajOpt ERROR, The new volumeDIRTRAN is:  -0.0001
Inner optimization function evaluation (q11, q22, r, obj):  [8.904081390061187, 1.1452566855217605, 7.428145271038906, -16.990273027353542]
TrajOpt ERROR, The new volumeDIRTRAN is:  -0.0001
TrajOpt ERROR, The new volumeDIRTRAN is:  -0.0001
TrajOpt ERROR, The new volumeDIRTRAN is:  -0.0001
TrajOpt ERROR, The new volumeDIRTRAN is:  -0.0001
TrajOpt ERROR, The new volumeDIRTRAN is:  -0.0001
TrajOpt ERROR, The new volumeDIRTRAN is:  -0.0001
TrajOpt ERROR, The new volumeDIRTRAN is:  -0.0001
TrajOpt ERROR, The new volumeDIRTRAN is:  -0.0001
Iterat #Fevals   function value  axis ratio  sigma  min&max std  t[m:s]
    1     21 -2.066386544302399e+01 1.0e+00 2.55e+00  2e+00  3e+00 3:31.3
TrajOpt ERROR, The new volumeDIRTRAN is:  -0.0001
TrajOpt ERROR, The new volumeDIRTRAN is:  -0.0001
TrajOpt ERROR, The new volumeDIRTRAN is:  -0.0001
Inner optimization function evaluation (q11, q22, r, obj):  [9.655276276055119, 3.4178848556087815, 5.776556291561805, -15.602404201688003]
TrajOpt ERROR, The new volumeDIRTRAN is:  -0.0001
TrajOpt ERROR, The new volumeDIRTRAN is:  -0.0001
Inner optimization function evaluation (q11, q22, r, obj):  [4.630232007625526, 2.6222682159760593, 6.57504905595113, -21.838620367277876]
TrajOpt ERROR, The new volumeDIRTRAN is:  -0.0001
TrajOpt ERROR, The new volumeDIRTRAN is:  -0.0001
TrajOpt ERROR, The new volumeDIRTRAN is:  -0.0001
TrajOpt ERROR, The new volumeDIRTRAN is:  -0.0001
TrajOpt ERROR, The new volumeDIRTRAN is:  -0.0001
TrajOpt ERROR, The new volumeDIRTRAN is:  -0.0001
TrajOpt ERROR, The new volumeDIRTRAN is:  -0.0001
TrajOpt ERROR, The new volumeDIRTRAN is:  -0.0001
TrajOpt ERROR, The new volumeDIRTRAN is:  -0.0001
TrajOpt ERROR, The new volumeDIRTRAN is:  -0.0001
TrajOpt ERROR, The new volumeDIRTRAN is:  -0.0001
TrajOpt ERROR, The new volumeDIRTRAN is:  -0.0001
TrajOpt ERROR, The new volumeDIRTRAN is:  -0.0001
TrajOpt ERROR, The new volumeDIRTRAN is:  -0.0001
    2     42 -2.183862036727788e+01 1.2e+00 2.04e+00  2e+00  2e+00 6:34.7
The process took 6 minutes
Optimal solution:  [4.63023201 2.62226822 6.57504906]
Optimal value of the objective function:  -21.838620367277876
Outern optimization function evaluation (Mp,lp,q11, q22, r, obj):  [0.16515666950228564, 0.2071973994642042, 4.630232007625526, 2.6222682159760593, 6.57504905595113, -21.838620367277876]
Inner optimization function evaluation (q11, q22, r, obj):  [5.287626641879324, 1.1698670203576553, 5.4751326461468075, -27.39008878724409]
Inner optimization function evaluation (q11, q22, r, obj):  [5.95409490393067, 5.8644185133290305, 11.003396890340085, -9.470603416110086]
Inner optimization function evaluation (q11, q22, r, obj):  [7.928537369252367, 4.1180581682234205, 7.522530375141809, -12.46165020225367]
Inner optimization function evaluation (q11, q22, r, obj):  [11.279744893636742, 6.2964022513764135, 1.4702078155188651, -33.52012890968958]
Inner optimization function evaluation (q11, q22, r, obj):  [2.374921751944745, 5.63161275863644, 1.642198201900126, -64.04997134330301]
Inner optimization function evaluation (q11, q22, r, obj):  [1.0332296672954029, 4.781187033313588, 11.517283949147917, -19.734419741630553]
Inner optimization function evaluation (q11, q22, r, obj):  [4.077355087164393, 2.270808376299511, 9.227817300820517, -17.926451419125378]
Inner optimization function evaluation (q11, q22, r, obj):  [1.001137111080797, 3.764486922678884, 10.069797763428069, -24.542622294309652]
Inner optimization function evaluation (q11, q22, r, obj):  [1.2976658756070867, 7.247635087547591, 6.81815722504737, -22.500838620778346]
Inner optimization function evaluation (q11, q22, r, obj):  [10.388372900367171, 3.1270385635373668, 6.979603219200958, -12.416831210341478]
Inner optimization function evaluation (q11, q22, r, obj):  [7.045998859822199, 1.657753005489112, 7.576029998930622, -16.90967635906341]
Inner optimization function evaluation (q11, q22, r, obj):  [1.8151221534642938, 1.814422716738567, 8.18456315746468, -29.75121095390494]
Inner optimization function evaluation (q11, q22, r, obj):  [4.4330524271065235, 3.4789241261619392, 0.8509480041191897, -104.2651151154121]
Inner optimization function evaluation (q11, q22, r, obj):  [7.248013370211998, 1.7553480210003956, 7.78781075888671, -15.949667442542545]
Inner optimization function evaluation (q11, q22, r, obj):  [5.397775001754903, 7.114211639396161, 10.978886917135348, -9.023645608250682]
Inner optimization function evaluation (q11, q22, r, obj):  [3.241823405953231, 3.148550124214735, 6.635600735187183, -22.98855410362259]
Inner optimization function evaluation (q11, q22, r, obj):  [6.0739515686209335, 1.2897925120700453, 5.812795966856213, -23.831707843387626]
Inner optimization function evaluation (q11, q22, r, obj):  [8.63013823597715, 2.5113639209963576, 6.696364306136986, -14.87781040369819]
Inner optimization function evaluation (q11, q22, r, obj):  [5.652240987971614, 4.838081366444359, 6.002442787606642, -16.542992598535957]
Inner optimization function evaluation (q11, q22, r, obj):  [1.079473072247905, 3.000076210422913, 10.098121986730849, -26.22508539547136]
Inner optimization function evaluation (q11, q22, r, obj):  [4.472985717861841, 6.082765435200986, 6.590934864977986, -15.504740846275874]
Iterat #Fevals   function value  axis ratio  sigma  min&max std  t[m:s]
    1     21 -1.042651151154121e+02 1.0e+00 4.18e+00  4e+00  6e+00 10:14.3
Inner optimization function evaluation (q11, q22, r, obj):  [10.06400306754134, 8.518883533361354, 1.7090510952690359, -28.857898805909606]
Inner optimization function evaluation (q11, q22, r, obj):  [3.581688091517317, 3.4771707965264356, 6.904970358062238, -20.818577289935455]
Inner optimization function evaluation (q11, q22, r, obj):  [10.75498556028644, 3.73353870129547, 2.942546116156801, -22.7479007639188]
Inner optimization function evaluation (q11, q22, r, obj):  [3.78370049184376, 9.358385363005286, 2.472646079248753, -33.0437529146202]
Inner optimization function evaluation (q11, q22, r, obj):  [3.9739989468881585, 3.0748446194487427, 5.297677815857938, -25.474617133563395]
TrajOpt ERROR, The new volumeDIRTRAN is:  -0.0001
Inner optimization function evaluation (q11, q22, r, obj):  [11.193251749469695, 8.551150029948115, 0.4893979334140912, -100.02785801880546]
Inner optimization function evaluation (q11, q22, r, obj):  [2.1684376752133625, 1.343688092491316, 1.67036872295684, -99.16795219850663]
TrajOpt ERROR, The new volumeDIRTRAN is:  -0.0001
Inner optimization function evaluation (q11, q22, r, obj):  [11.032117737553287, 3.8374752403433794, 1.2161834542605416, -43.86026043690285]
Inner optimization function evaluation (q11, q22, r, obj):  [4.192680722353399, 6.318450682649798, 4.182235265674191, -22.00293363360986]
Inner optimization function evaluation (q11, q22, r, obj):  [6.991890858362978, 6.585222414994584, 1.425399774429372, -40.67923377949596]
Inner optimization function evaluation (q11, q22, r, obj):  [4.823307938340562, 4.3243277558940765, 2.704000534907228, -35.74967188222367]
Inner optimization function evaluation (q11, q22, r, obj):  [2.541344042224945, 1.9459602048055302, 2.7797357884262603, -58.43931936820037]
Inner optimization function evaluation (q11, q22, r, obj):  [3.4639249827388165, 1.031965928794435, 1.9218244631116836, -75.15184403488796]
Inner optimization function evaluation (q11, q22, r, obj):  [1.9380333370929912, 5.3698233810074125, 4.801620958337352, -29.0546797866447]
Inner optimization function evaluation (q11, q22, r, obj):  [4.32007700603289, 3.627509193464387, 0.9442553024147913, -88.90454879674283]
Inner optimization function evaluation (q11, q22, r, obj):  [3.5428960146157547, 7.673205729643568, 10.918115498572197, -10.469429876814436]
TrajOpt ERROR, The new volumeDIRTRAN is:  -0.0001
TrajOpt ERROR, The new volumeDIRTRAN is:  -0.0001
Inner optimization function evaluation (q11, q22, r, obj):  [3.633335352299025, 4.304707255830467, 9.407189792261304, -14.965772070156873]
    2     42 -1.000278580188055e+02 1.8e+00 4.93e+00  4e+00  6e+00 21:06.2
The process took 21 minutes
Optimal solution:  [4.43305243 3.47892413 0.850948  ]
Optimal value of the objective function:  -104.2651151154121
Outern optimization function evaluation (Mp,lp,q11, q22, r, obj):  [0.24201693543458488, 0.18055998363350517, 4.4330524271065235, 3.4789241261619392, 0.8509480041191897, -104.2651151154121]
Inner optimization function evaluation (q11, q22, r, obj):  [2.8434091707230396, 5.154607538542727, 7.917063931261588, -17.203637151925438]
TrajOpt ERROR, The new volumeDIRTRAN is:  -0.0001
TrajOpt ERROR, The new volumeDIRTRAN is:  -0.0001
TrajOpt ERROR, The new volumeDIRTRAN is:  -0.0001
Inner optimization function evaluation (q11, q22, r, obj):  [4.1550153241817895, 4.783637089306438, 4.806384794366746, -22.037682236388637]
TrajOpt ERROR, The new volumeDIRTRAN is:  -0.0001
TrajOpt ERROR, The new volumeDIRTRAN is:  -0.0001
TrajOpt ERROR, The new volumeDIRTRAN is:  -0.0001
TrajOpt ERROR, The new volumeDIRTRAN is:  -0.0001
TrajOpt ERROR, The new volumeDIRTRAN is:  -0.0001
TrajOpt ERROR, The new volumeDIRTRAN is:  -0.0001
TrajOpt ERROR, The new volumeDIRTRAN is:  -0.0001
TrajOpt ERROR, The new volumeDIRTRAN is:  -0.0001
TrajOpt ERROR, The new volumeDIRTRAN is:  -0.0001
TrajOpt ERROR, The new volumeDIRTRAN is:  -0.0001
TrajOpt ERROR, The new volumeDIRTRAN is:  -0.0001
TrajOpt ERROR, The new volumeDIRTRAN is:  -0.0001
Inner optimization function evaluation (q11, q22, r, obj):  [5.245695865011632, 3.6671181581784853, 4.048017673665964, -25.695741663068908]
TrajOpt ERROR, The new volumeDIRTRAN is:  -0.0001
TrajOpt ERROR, The new volumeDIRTRAN is:  -0.0001
TrajOpt ERROR, The new volumeDIRTRAN is:  -0.0001
Iterat #Fevals   function value  axis ratio  sigma  min&max std  t[m:s]
    1     21 -2.569574166306891e+01 1.0e+00 4.58e+00  4e+00  6e+00 2:53.3
TrajOpt ERROR, The new volumeDIRTRAN is:  -0.0001
TrajOpt ERROR, The new volumeDIRTRAN is:  -0.0001
Inner optimization function evaluation (q11, q22, r, obj):  [1.4362727722023665, 5.737571216878848, 10.514766246806841, -17.05218479634864]
TrajOpt ERROR, The new volumeDIRTRAN is:  -0.0001
TrajOpt ERROR, The new volumeDIRTRAN is:  -0.0001
TrajOpt ERROR, The new volumeDIRTRAN is:  -0.0001
TrajOpt ERROR, The new volumeDIRTRAN is:  -0.0001
TrajOpt ERROR, The new volumeDIRTRAN is:  -0.0001
TrajOpt ERROR, The new volumeDIRTRAN is:  -0.0001
TrajOpt ERROR, The new volumeDIRTRAN is:  -0.0001
TrajOpt ERROR, The new volumeDIRTRAN is:  -0.0001
Inner optimization function evaluation (q11, q22, r, obj):  [1.2850131111606755, 8.489717016716304, 9.879777826181046, -15.066924075364918]
Inner optimization function evaluation (q11, q22, r, obj):  [2.3504116574753873, 9.905414510097648, 3.999124969186319, -24.457605336337537]
Inner optimization function evaluation (q11, q22, r, obj):  [1.0116614045326013, 4.791907784344197, 5.5463317655871665, -34.33985055071584]
TrajOpt ERROR, The new volumeDIRTRAN is:  -0.0001
Inner optimization function evaluation (q11, q22, r, obj):  [3.1485600817147468, 5.031451636032033, 5.444075522128103, -22.095542963158767]
TrajOpt ERROR, The new volumeDIRTRAN is:  -0.0001
TrajOpt ERROR, The new volumeDIRTRAN is:  -0.0001
TrajOpt ERROR, The new volumeDIRTRAN is:  -0.0001
TrajOpt ERROR, The new volumeDIRTRAN is:  -0.0001
TrajOpt ERROR, The new volumeDIRTRAN is:  -0.0001
    2     42 -3.433985055071584e+01 1.5e+00 4.93e+00  4e+00  6e+00 6:16.5
The process took 6 minutes
Optimal solution:  [1.0116614  4.79190778 5.54633177]
Optimal value of the objective function:  -34.33985055071584
Outern optimization function evaluation (Mp,lp,q11, q22, r, obj):  [0.23279846997879874, 0.18933946777130278, 1.0116614045326013, 4.791907784344197, 5.5463317655871665, -34.33985055071584]
TrajOpt ERROR, The new volumeDIRTRAN is:  -0.0001
TrajOpt ERROR, The new volumeDIRTRAN is:  -0.0001
TrajOpt ERROR, The new volumeDIRTRAN is:  -0.0001
TrajOpt ERROR, The new volumeDIRTRAN is:  -0.0001
Inner optimization function evaluation (q11, q22, r, obj):  [4.078217182678491, 8.420730021479836, 6.617427533982208, -14.79255229936302]
TrajOpt ERROR, The new volumeDIRTRAN is:  -0.0001
TrajOpt ERROR, The new volumeDIRTRAN is:  -0.0001
TrajOpt ERROR, The new volumeDIRTRAN is:  -0.0001
TrajOpt ERROR, The new volumeDIRTRAN is:  -0.0001
TrajOpt ERROR, The new volumeDIRTRAN is:  -0.0001
TrajOpt ERROR, The new volumeDIRTRAN is:  -0.0001
TrajOpt ERROR, The new volumeDIRTRAN is:  -0.0001
TrajOpt ERROR, The new volumeDIRTRAN is:  -0.0001
TrajOpt ERROR, The new volumeDIRTRAN is:  -0.0001
TrajOpt ERROR, The new volumeDIRTRAN is:  -0.0001
TrajOpt ERROR, The new volumeDIRTRAN is:  -0.0001
TrajOpt ERROR, The new volumeDIRTRAN is:  -0.0001
TrajOpt ERROR, The new volumeDIRTRAN is:  -0.0001
TrajOpt ERROR, The new volumeDIRTRAN is:  -0.0001
TrajOpt ERROR, The new volumeDIRTRAN is:  -0.0001
TrajOpt ERROR, The new volumeDIRTRAN is:  -0.0001
Iterat #Fevals   function value  axis ratio  sigma  min&max std  t[m:s]
    1     21 -1.479255229936302e+01 1.0e+00 2.62e+00  2e+00  3e+00 1:46.2
TrajOpt ERROR, The new volumeDIRTRAN is:  -0.0001
TrajOpt ERROR, The new volumeDIRTRAN is:  -0.0001
TrajOpt ERROR, The new volumeDIRTRAN is:  -0.0001
TrajOpt ERROR, The new volumeDIRTRAN is:  -0.0001
TrajOpt ERROR, The new volumeDIRTRAN is:  -0.0001
TrajOpt ERROR, The new volumeDIRTRAN is:  -0.0001
TrajOpt ERROR, The new volumeDIRTRAN is:  -0.0001
TrajOpt ERROR, The new volumeDIRTRAN is:  -0.0001
TrajOpt ERROR, The new volumeDIRTRAN is:  -0.0001
TrajOpt ERROR, The new volumeDIRTRAN is:  -0.0001
TrajOpt ERROR, The new volumeDIRTRAN is:  -0.0001
TrajOpt ERROR, The new volumeDIRTRAN is:  -0.0001
TrajOpt ERROR, The new volumeDIRTRAN is:  -0.0001
TrajOpt ERROR, The new volumeDIRTRAN is:  -0.0001
TrajOpt ERROR, The new volumeDIRTRAN is:  -0.0001
TrajOpt ERROR, The new volumeDIRTRAN is:  -0.0001
TrajOpt ERROR, The new volumeDIRTRAN is:  -0.0001
TrajOpt ERROR, The new volumeDIRTRAN is:  -0.0001
TrajOpt ERROR, The new volumeDIRTRAN is:  -0.0001
TrajOpt ERROR, The new volumeDIRTRAN is:  -0.0001
TrajOpt ERROR, The new volumeDIRTRAN is:  -0.0001
    2     42 -1.000000000000000e-04 1.3e+00 2.07e+00  2e+00  2e+00 3:00.5
The process took 3 minutes
Optimal solution:  [4.07821718 8.42073002 6.61742753]
Optimal value of the objective function:  -14.79255229936302
Outern optimization function evaluation (Mp,lp,q11, q22, r, obj):  [0.20780149097175687, 0.17930894454551105, 4.078217182678491, 8.420730021479836, 6.617427533982208, -14.79255229936302]
TrajOpt ERROR, The new volumeDIRTRAN is:  -0.0001
TrajOpt ERROR, The new volumeDIRTRAN is:  -0.0001
TrajOpt ERROR, The new volumeDIRTRAN is:  -0.0001
TrajOpt ERROR, The new volumeDIRTRAN is:  -0.0001
TrajOpt ERROR, The new volumeDIRTRAN is:  -0.0001
TrajOpt ERROR, The new volumeDIRTRAN is:  -0.0001
TrajOpt ERROR, The new volumeDIRTRAN is:  -0.0001
TrajOpt ERROR, The new volumeDIRTRAN is:  -0.0001
TrajOpt ERROR, The new volumeDIRTRAN is:  -0.0001
TrajOpt ERROR, The new volumeDIRTRAN is:  -0.0001
TrajOpt ERROR, The new volumeDIRTRAN is:  -0.0001
TrajOpt ERROR, The new volumeDIRTRAN is:  -0.0001
TrajOpt ERROR, The new volumeDIRTRAN is:  -0.0001
TrajOpt ERROR, The new volumeDIRTRAN is:  -0.0001
TrajOpt ERROR, The new volumeDIRTRAN is:  -0.0001
TrajOpt ERROR, The new volumeDIRTRAN is:  -0.0001
TrajOpt ERROR, The new volumeDIRTRAN is:  -0.0001
TrajOpt ERROR, The new volumeDIRTRAN is:  -0.0001
TrajOpt ERROR, The new volumeDIRTRAN is:  -0.0001
TrajOpt ERROR, The new volumeDIRTRAN is:  -0.0001
TrajOpt ERROR, The new volumeDIRTRAN is:  -0.0001
Iterat #Fevals   function value  axis ratio  sigma  min&max std  t[m:s]
    1     21 -1.000000000000000e-04 1.0e+00 2.48e+00  2e+00  3e+00 1:43.9
No trajectory founded, probably due to a bad design...
The process took 1 minutes
Optimal solution:  [5.36864191 9.59120544 7.8856451 ]
Optimal value of the objective function:  -0.0001
Outern optimization function evaluation (Mp,lp,q11, q22, r, obj):  [0.29843203724477857, 0.18082282581727152, 5.3686419062820505, 9.591205440151668, 7.885645097172592, -0.0001]
Inner optimization function evaluation (q11, q22, r, obj):  [4.1192203231396665, 11.396795901573666, 8.143806896751347, -11.490111877929467]
Inner optimization function evaluation (q11, q22, r, obj):  [6.061139171273531, 7.8339850946057386, 11.345999040212206, -8.878217858575438]
Inner optimization function evaluation (q11, q22, r, obj):  [4.434724498576477, 11.270955941321352, 7.289780295876021, -11.848135511858752]
Inner optimization function evaluation (q11, q22, r, obj):  [9.188929885560963, 9.80868688532942, 8.908337801601359, -8.064002058520886]
Inner optimization function evaluation (q11, q22, r, obj):  [8.033836078829328, 6.2836694798866795, 5.740739403244334, -15.166053242927049]
Inner optimization function evaluation (q11, q22, r, obj):  [8.399237777961154, 10.9494396297506, 6.446553268720262, -10.518707669874193]
Inner optimization function evaluation (q11, q22, r, obj):  [4.279426724520068, 4.884256855194947, 4.347554075125753, -27.270011394497427]
Inner optimization function evaluation (q11, q22, r, obj):  [2.4068595389737317, 8.316884682622801, 9.703373302064588, -13.937457324697847]
Inner optimization function evaluation (q11, q22, r, obj):  [6.08707315482518, 11.362551633215666, 6.844759315336849, -11.374527971360216]
Inner optimization function evaluation (q11, q22, r, obj):  [5.677326901476747, 7.9427792117410085, 8.56763411719077, -11.381520600370171]
Inner optimization function evaluation (q11, q22, r, obj):  [1.1396954954363512, 7.656111464149143, 13.37123067561848, -14.631797398026977]
Inner optimization function evaluation (q11, q22, r, obj):  [7.936177908751711, 11.454306329843966, 9.875876088226745, -7.766721438716341]
Inner optimization function evaluation (q11, q22, r, obj):  [2.1692251647001815, 15.459353482736985, 11.105083949590853, -9.141093395953249]
Inner optimization function evaluation (q11, q22, r, obj):  [7.044937647352209, 9.780101785067119, 10.425205710793694, -7.988831001796312]
Inner optimization function evaluation (q11, q22, r, obj):  [8.224926681831777, 10.926532266852265, 4.159663844292552, -17.053834816011058]
Inner optimization function evaluation (q11, q22, r, obj):  [8.128577481687003, 10.758911736927635, 13.814227809408798, -5.685170073553971]
Inner optimization function evaluation (q11, q22, r, obj):  [3.913054351602894, 9.618833661485349, 7.6548866769100865, -13.473452428935715]
Inner optimization function evaluation (q11, q22, r, obj):  [7.1239148424240435, 15.863248089633048, 8.057785343922562, -7.849363054053722]
Inner optimization function evaluation (q11, q22, r, obj):  [5.204605291322569, 9.493163075352365, 6.069249566833371, -15.514695686784624]
Inner optimization function evaluation (q11, q22, r, obj):  [2.0750403862020335, 14.170091390596943, 9.124674631540813, -11.38962513452053]
Inner optimization function evaluation (q11, q22, r, obj):  [1.7725147363189255, 9.434864750865513, 10.50438523065031, -13.655020898329022]
Iterat #Fevals   function value  axis ratio  sigma  min&max std  t[m:s]
    1     21 -2.727001139449743e+01 1.0e+00 3.42e+00  3e+00  4e+00 13:26.2
Inner optimization function evaluation (q11, q22, r, obj):  [2.164986538193574, 3.891090316280053, 15.313354579543397, -14.478902475746523]
Inner optimization function evaluation (q11, q22, r, obj):  [5.7493118154265, 7.239168323637235, 6.094517856541063, -15.6588874475353]
Inner optimization function evaluation (q11, q22, r, obj):  [3.296648912075429, 11.20799095901537, 6.870020112891313, -14.428050537461818]
Inner optimization function evaluation (q11, q22, r, obj):  [2.3520994224523584, 2.874766986871659, 3.9821663752638594, -45.48269404169492]
Inner optimization function evaluation (q11, q22, r, obj):  [3.953203008767517, 5.657231885204244, 7.249701112302538, -17.516387474559018]
Inner optimization function evaluation (q11, q22, r, obj):  [6.737970225448262, 5.05047598600951, 3.716624297694074, -23.842515833540247]
Inner optimization function evaluation (q11, q22, r, obj):  [2.1077322100774873, 5.074072972528215, 7.771294968109585, -22.177295154497962]
Inner optimization function evaluation (q11, q22, r, obj):  [4.101800776724335, 5.237999431806427, 1.3927970135220882, -69.57618812996411]
Inner optimization function evaluation (q11, q22, r, obj):  [3.9791880539002444, 13.581248992013498, 7.388052407279063, -11.598508258554848]
Inner optimization function evaluation (q11, q22, r, obj):  [6.0309880145459545, 3.3260508814697243, 1.8883556277023361, -52.80649120346916]
Inner optimization function evaluation (q11, q22, r, obj):  [4.060951988745199, 5.072515232150727, 6.283184724318749, -20.31758346802582]
Inner optimization function evaluation (q11, q22, r, obj):  [7.97830075921128, 10.320987714165291, 4.448083631302181, -15.471907023814273]
Inner optimization function evaluation (q11, q22, r, obj):  [9.797485699566765, 7.861382662331228, 9.287269173372783, -8.131185908968178]
Inner optimization function evaluation (q11, q22, r, obj):  [2.988324143553206, 5.709954990573369, 7.495297255527223, -18.99397193085903]
Inner optimization function evaluation (q11, q22, r, obj):  [5.544288818012362, 13.00449576403344, 13.413362098440702, -6.651533522806872]
Inner optimization function evaluation (q11, q22, r, obj):  [3.650173677615267, 10.142764976651687, 9.518307796514508, -11.000817622572974]
Inner optimization function evaluation (q11, q22, r, obj):  [6.71539104547089, 12.683419468800029, 12.572544030047931, -6.172987342988877]
Inner optimization function evaluation (q11, q22, r, obj):  [3.1579706227771447, 9.071566873877911, 6.433674448452562, -16.78393578010607]
Inner optimization function evaluation (q11, q22, r, obj):  [2.3708546034385884, 4.095201242912648, 8.25438976209054, -22.080658417915878]
Inner optimization function evaluation (q11, q22, r, obj):  [7.096973836800858, 10.196450832565661, 4.809075938227621, -15.419226002144198]
Inner optimization function evaluation (q11, q22, r, obj):  [9.08140506912898, 10.794759822831697, 0.8024677882018585, -83.85986704375217]
    2     42 -8.385986704375217e+01 1.3e+00 4.66e+00  5e+00  6e+00 28:08.8
The process took 28 minutes
Optimal solution:  [ 9.08140507 10.79475982  0.80246779]
Optimal value of the objective function:  -83.85986704375217
Outern optimization function evaluation (Mp,lp,q11, q22, r, obj):  [0.19697172775810945, 0.17845797588937493, 9.08140506912898, 10.794759822831697, 0.8024677882018585, -83.85986704375217]
TrajOpt ERROR, The new volumeDIRTRAN is:  -0.0001
TrajOpt ERROR, The new volumeDIRTRAN is:  -0.0001
TrajOpt ERROR, The new volumeDIRTRAN is:  -0.0001
TrajOpt ERROR, The new volumeDIRTRAN is:  -0.0001
TrajOpt ERROR, The new volumeDIRTRAN is:  -0.0001
Inner optimization function evaluation (q11, q22, r, obj):  [11.708811824992843, 17.368335937845227, 5.156924437596511, -11.392229091256219]
TrajOpt ERROR, The new volumeDIRTRAN is:  -0.0001
TrajOpt ERROR, The new volumeDIRTRAN is:  -0.0001
TrajOpt ERROR, The new volumeDIRTRAN is:  -0.0001
TrajOpt ERROR, The new volumeDIRTRAN is:  -0.0001
TrajOpt ERROR, The new volumeDIRTRAN is:  -0.0001
TrajOpt ERROR, The new volumeDIRTRAN is:  -0.0001
TrajOpt ERROR, The new volumeDIRTRAN is:  -0.0001
TrajOpt ERROR, The new volumeDIRTRAN is:  -0.0001
TrajOpt ERROR, The new volumeDIRTRAN is:  -0.0001
TrajOpt ERROR, The new volumeDIRTRAN is:  -0.0001
Inner optimization function evaluation (q11, q22, r, obj):  [4.560912993196622, 8.33387512927499, 0.27747487161879014, -948.4182365306656]
TrajOpt ERROR, The new volumeDIRTRAN is:  -0.0001
TrajOpt ERROR, The new volumeDIRTRAN is:  -0.0001
Inner optimization function evaluation (q11, q22, r, obj):  [14.107136077053994, 13.84830834339007, 2.4406032805604703, -35.812608458932935]
TrajOpt ERROR, The new volumeDIRTRAN is:  -0.0001
Iterat #Fevals   function value  axis ratio  sigma  min&max std  t[m:s]
    1     21 -9.484182365306656e+02 1.0e+00 2.45e+00  3e+00  3e+00 6:36.1
Inner optimization function evaluation (q11, q22, r, obj):  [11.433041064723927, 11.509459195692079, 0.8644063845849872, -260.1762525465067]
TrajOpt ERROR, The new volumeDIRTRAN is:  -0.0001
TrajOpt ERROR, The new volumeDIRTRAN is:  -0.0001
TrajOpt ERROR, The new volumeDIRTRAN is:  -0.0001
Inner optimization function evaluation (q11, q22, r, obj):  [6.897705136909234, 12.65494086050306, 2.452851183603755, -36.361881343518064]
TrajOpt ERROR, The new volumeDIRTRAN is:  -0.0001
Inner optimization function evaluation (q11, q22, r, obj):  [5.667542261693655, 15.038088885202665, 2.9776131587090795, -25.38270118385127]
TrajOpt ERROR, The new volumeDIRTRAN is:  -0.0001
TrajOpt ERROR, The new volumeDIRTRAN is:  -0.0001
TrajOpt ERROR, The new volumeDIRTRAN is:  -0.0001
TrajOpt ERROR, The new volumeDIRTRAN is:  -0.0001
TrajOpt ERROR, The new volumeDIRTRAN is:  -0.0001
TrajOpt ERROR, The new volumeDIRTRAN is:  -0.0001
TrajOpt ERROR, The new volumeDIRTRAN is:  -0.0001
TrajOpt ERROR, The new volumeDIRTRAN is:  -0.0001
TrajOpt ERROR, The new volumeDIRTRAN is:  -0.0001
TrajOpt ERROR, The new volumeDIRTRAN is:  -0.0001
TrajOpt ERROR, The new volumeDIRTRAN is:  -0.0001
TrajOpt ERROR, The new volumeDIRTRAN is:  -0.0001
TrajOpt ERROR, The new volumeDIRTRAN is:  -0.0001
TrajOpt ERROR, The new volumeDIRTRAN is:  -0.0001
    2     42 -2.601762525465067e+02 1.4e+00 2.60e+00  2e+00  3e+00 13:28.8
The process took 13 minutes
Optimal solution:  [4.56091299 8.33387513 0.27747487]
Optimal value of the objective function:  -948.4182365306656
Outern optimization function evaluation (Mp,lp,q11, q22, r, obj):  [0.16222729548459114, 0.17815575558286817, 4.560912993196622, 8.33387512927499, 0.27747487161879014, -948.4182365306656]
TrajOpt ERROR, The new volumeDIRTRAN is:  -0.0001
TrajOpt ERROR, The new volumeDIRTRAN is:  -0.0001
TrajOpt ERROR, The new volumeDIRTRAN is:  -0.0001
TrajOpt ERROR, The new volumeDIRTRAN is:  -0.0001
TrajOpt ERROR, The new volumeDIRTRAN is:  -0.0001
TrajOpt ERROR, The new volumeDIRTRAN is:  -0.0001
TrajOpt ERROR, The new volumeDIRTRAN is:  -0.0001
TrajOpt ERROR, The new volumeDIRTRAN is:  -0.0001
TrajOpt ERROR, The new volumeDIRTRAN is:  -0.0001
TrajOpt ERROR, The new volumeDIRTRAN is:  -0.0001
TrajOpt ERROR, The new volumeDIRTRAN is:  -0.0001
TrajOpt ERROR, The new volumeDIRTRAN is:  -0.0001
TrajOpt ERROR, The new volumeDIRTRAN is:  -0.0001
TrajOpt ERROR, The new volumeDIRTRAN is:  -0.0001
TrajOpt ERROR, The new volumeDIRTRAN is:  -0.0001
TrajOpt ERROR, The new volumeDIRTRAN is:  -0.0001
TrajOpt ERROR, The new volumeDIRTRAN is:  -0.0001
TrajOpt ERROR, The new volumeDIRTRAN is:  -0.0001
TrajOpt ERROR, The new volumeDIRTRAN is:  -0.0001
TrajOpt ERROR, The new volumeDIRTRAN is:  -0.0001
TrajOpt ERROR, The new volumeDIRTRAN is:  -0.0001
Iterat #Fevals   function value  axis ratio  sigma  min&max std  t[m:s]
    1     21 -1.000000000000000e-04 1.0e+00 3.56e+00  3e+00  5e+00 1:41.2
No trajectory founded, probably due to a bad design...
The process took 1 minutes
Optimal solution:  [ 5.84301649 16.67337007  0.38933815]
Optimal value of the objective function:  -0.0001
Outern optimization function evaluation (Mp,lp,q11, q22, r, obj):  [0.2685039368662111, 0.18421951262009542, 5.843016486993472, 16.673370074121426, 0.38933814874292805, -0.0001]
TrajOpt ERROR, The new volumeDIRTRAN is:  -0.0001
TrajOpt ERROR, The new volumeDIRTRAN is:  -0.0001
TrajOpt ERROR, The new volumeDIRTRAN is:  -0.0001
TrajOpt ERROR, The new volumeDIRTRAN is:  -0.0001
TrajOpt ERROR, The new volumeDIRTRAN is:  -0.0001
TrajOpt ERROR, The new volumeDIRTRAN is:  -0.0001
TrajOpt ERROR, The new volumeDIRTRAN is:  -0.0001
TrajOpt ERROR, The new volumeDIRTRAN is:  -0.0001
TrajOpt ERROR, The new volumeDIRTRAN is:  -0.0001
TrajOpt ERROR, The new volumeDIRTRAN is:  -0.0001
TrajOpt ERROR, The new volumeDIRTRAN is:  -0.0001
TrajOpt ERROR, The new volumeDIRTRAN is:  -0.0001
TrajOpt ERROR, The new volumeDIRTRAN is:  -0.0001
TrajOpt ERROR, The new volumeDIRTRAN is:  -0.0001
TrajOpt ERROR, The new volumeDIRTRAN is:  -0.0001
TrajOpt ERROR, The new volumeDIRTRAN is:  -0.0001
TrajOpt ERROR, The new volumeDIRTRAN is:  -0.0001
TrajOpt ERROR, The new volumeDIRTRAN is:  -0.0001
TrajOpt ERROR, The new volumeDIRTRAN is:  -0.0001
TrajOpt ERROR, The new volumeDIRTRAN is:  -0.0001
TrajOpt ERROR, The new volumeDIRTRAN is:  -0.0001
Iterat #Fevals   function value  axis ratio  sigma  min&max std  t[m:s]
    1     21 -1.000000000000000e-04 1.0e+00 2.87e+00  3e+00  3e+00 1:10.5
No trajectory founded, probably due to a bad design...
The process took 1 minutes
Optimal solution:  [ 5.57714024 18.11586082  2.39325564]
Optimal value of the objective function:  -0.0001
Outern optimization function evaluation (Mp,lp,q11, q22, r, obj):  [0.22231308545875553, 0.19184019490749338, 5.577140236527861, 18.115860823325146, 2.3932556377136813, -0.0001]
TrajOpt ERROR, The new volumeDIRTRAN is:  -0.0001
TrajOpt ERROR, The new volumeDIRTRAN is:  -0.0001
TrajOpt ERROR, The new volumeDIRTRAN is:  -0.0001
TrajOpt ERROR, The new volumeDIRTRAN is:  -0.0001
TrajOpt ERROR, The new volumeDIRTRAN is:  -0.0001
TrajOpt ERROR, The new volumeDIRTRAN is:  -0.0001
TrajOpt ERROR, The new volumeDIRTRAN is:  -0.0001
TrajOpt ERROR, The new volumeDIRTRAN is:  -0.0001
TrajOpt ERROR, The new volumeDIRTRAN is:  -0.0001
TrajOpt ERROR, The new volumeDIRTRAN is:  -0.0001
TrajOpt ERROR, The new volumeDIRTRAN is:  -0.0001
TrajOpt ERROR, The new volumeDIRTRAN is:  -0.0001
TrajOpt ERROR, The new volumeDIRTRAN is:  -0.0001
Inner optimization function evaluation (q11, q22, r, obj):  [10.431793754644547, 14.217508719544481, 5.932661074760235, -7.077915861083875]
TrajOpt ERROR, The new volumeDIRTRAN is:  -0.0001
TrajOpt ERROR, The new volumeDIRTRAN is:  -0.0001
TrajOpt ERROR, The new volumeDIRTRAN is:  -0.0001
TrajOpt ERROR, The new volumeDIRTRAN is:  -0.0001
TrajOpt ERROR, The new volumeDIRTRAN is:  -0.0001
TrajOpt ERROR, The new volumeDIRTRAN is:  -0.0001
TrajOpt ERROR, The new volumeDIRTRAN is:  -0.0001
Iterat #Fevals   function value  axis ratio  sigma  min&max std  t[m:s]
    1     21 -7.077915861083875e+00 1.0e+00 3.21e+00  3e+00  3e+00 2:15.3
TrajOpt ERROR, The new volumeDIRTRAN is:  -0.0001
TrajOpt ERROR, The new volumeDIRTRAN is:  -0.0001
TrajOpt ERROR, The new volumeDIRTRAN is:  -0.0001
TrajOpt ERROR, The new volumeDIRTRAN is:  -0.0001
TrajOpt ERROR, The new volumeDIRTRAN is:  -0.0001
TrajOpt ERROR, The new volumeDIRTRAN is:  -0.0001
TrajOpt ERROR, The new volumeDIRTRAN is:  -0.0001
TrajOpt ERROR, The new volumeDIRTRAN is:  -0.0001
TrajOpt ERROR, The new volumeDIRTRAN is:  -0.0001
TrajOpt ERROR, The new volumeDIRTRAN is:  -0.0001
TrajOpt ERROR, The new volumeDIRTRAN is:  -0.0001
TrajOpt ERROR, The new volumeDIRTRAN is:  -0.0001
TrajOpt ERROR, The new volumeDIRTRAN is:  -0.0001
TrajOpt ERROR, The new volumeDIRTRAN is:  -0.0001
TrajOpt ERROR, The new volumeDIRTRAN is:  -0.0001
TrajOpt ERROR, The new volumeDIRTRAN is:  -0.0001
TrajOpt ERROR, The new volumeDIRTRAN is:  -0.0001
TrajOpt ERROR, The new volumeDIRTRAN is:  -0.0001
TrajOpt ERROR, The new volumeDIRTRAN is:  -0.0001
TrajOpt ERROR, The new volumeDIRTRAN is:  -0.0001
TrajOpt ERROR, The new volumeDIRTRAN is:  -0.0001
    2     42 -1.000000000000000e-04 1.5e+00 3.24e+00  3e+00  4e+00 4:01.4
The process took 4 minutes
Optimal solution:  [10.43179375 14.21750872  5.93266107]
Optimal value of the objective function:  -7.077915861083875
Outern optimization function evaluation (Mp,lp,q11, q22, r, obj):  [0.2748665557347831, 0.1783391207119726, 10.431793754644547, 14.217508719544481, 5.932661074760235, -7.077915861083875]
TrajOpt ERROR, The new volumeDIRTRAN is:  -0.0001
TrajOpt ERROR, The new volumeDIRTRAN is:  -0.0001
TrajOpt ERROR, The new volumeDIRTRAN is:  -0.0001
TrajOpt ERROR, The new volumeDIRTRAN is:  -0.0001
TrajOpt ERROR, The new volumeDIRTRAN is:  -0.0001
TrajOpt ERROR, The new volumeDIRTRAN is:  -0.0001
TrajOpt ERROR, The new volumeDIRTRAN is:  -0.0001
TrajOpt ERROR, The new volumeDIRTRAN is:  -0.0001
TrajOpt ERROR, The new volumeDIRTRAN is:  -0.0001
TrajOpt ERROR, The new volumeDIRTRAN is:  -0.0001
TrajOpt ERROR, The new volumeDIRTRAN is:  -0.0001
TrajOpt ERROR, The new volumeDIRTRAN is:  -0.0001
TrajOpt ERROR, The new volumeDIRTRAN is:  -0.0001
TrajOpt ERROR, The new volumeDIRTRAN is:  -0.0001
TrajOpt ERROR, The new volumeDIRTRAN is:  -0.0001
TrajOpt ERROR, The new volumeDIRTRAN is:  -0.0001
TrajOpt ERROR, The new volumeDIRTRAN is:  -0.0001
TrajOpt ERROR, The new volumeDIRTRAN is:  -0.0001
TrajOpt ERROR, The new volumeDIRTRAN is:  -0.0001
TrajOpt ERROR, The new volumeDIRTRAN is:  -0.0001
TrajOpt ERROR, The new volumeDIRTRAN is:  -0.0001
Iterat #Fevals   function value  axis ratio  sigma  min&max std  t[m:s]
    1     21 -1.000000000000000e-04 1.0e+00 2.49e+00  2e+00  3e+00 1:41.2
No trajectory founded, probably due to a bad design...
The process took 1 minutes
Optimal solution:  [10.47878344 13.66743383  6.32004066]
Optimal value of the objective function:  -0.0001
Outern optimization function evaluation (Mp,lp,q11, q22, r, obj):  [0.298045079264424, 0.18412948503820262, 10.478783443738715, 13.667433825082101, 6.320040655428698, -0.0001]
Inner optimization function evaluation (q11, q22, r, obj):  [9.939353432883925, 15.239639949473787, 8.202902624598158, -7.99622120360558]
Inner optimization function evaluation (q11, q22, r, obj):  [10.084847043901204, 15.75780231898241, 7.118435184767297, -9.750202577199198]
TrajOpt ERROR, The new volumeDIRTRAN is:  -0.0001
TrajOpt ERROR, The new volumeDIRTRAN is:  -0.0001
TrajOpt ERROR, The new volumeDIRTRAN is:  -0.0001
TrajOpt ERROR, The new volumeDIRTRAN is:  -0.0001
TrajOpt ERROR, The new volumeDIRTRAN is:  -0.0001
TrajOpt ERROR, The new volumeDIRTRAN is:  -0.0001
Inner optimization function evaluation (q11, q22, r, obj):  [9.065852562871564, 11.651775710781589, 7.1736051188002, -9.623547308820957]
TrajOpt ERROR, The new volumeDIRTRAN is:  -0.0001
TrajOpt ERROR, The new volumeDIRTRAN is:  -0.0001
Inner optimization function evaluation (q11, q22, r, obj):  [5.544683576798743, 17.708647837654972, 7.112098137489893, -11.25427946566252]
TrajOpt ERROR, The new volumeDIRTRAN is:  -0.0001
TrajOpt ERROR, The new volumeDIRTRAN is:  -0.0001
TrajOpt ERROR, The new volumeDIRTRAN is:  -0.0001
TrajOpt ERROR, The new volumeDIRTRAN is:  -0.0001
TrajOpt ERROR, The new volumeDIRTRAN is:  -0.0001
TrajOpt ERROR, The new volumeDIRTRAN is:  -0.0001
Inner optimization function evaluation (q11, q22, r, obj):  [12.761832665044153, 14.387907032411842, 7.229929382297331, -7.671897229852943]
TrajOpt ERROR, The new volumeDIRTRAN is:  -0.0001
TrajOpt ERROR, The new volumeDIRTRAN is:  -0.0001
Iterat #Fevals   function value  axis ratio  sigma  min&max std  t[m:s]
    1     21 -1.125427946566252e+01 1.0e+00 2.73e+00  2e+00  3e+00 5:21.7
TrajOpt ERROR, The new volumeDIRTRAN is:  -0.0001
TrajOpt ERROR, The new volumeDIRTRAN is:  -0.0001
TrajOpt ERROR, The new volumeDIRTRAN is:  -0.0001
TrajOpt ERROR, The new volumeDIRTRAN is:  -0.0001
TrajOpt ERROR, The new volumeDIRTRAN is:  -0.0001
TrajOpt ERROR, The new volumeDIRTRAN is:  -0.0001
TrajOpt ERROR, The new volumeDIRTRAN is:  -0.0001
TrajOpt ERROR, The new volumeDIRTRAN is:  -0.0001
TrajOpt ERROR, The new volumeDIRTRAN is:  -0.0001
TrajOpt ERROR, The new volumeDIRTRAN is:  -0.0001
TrajOpt ERROR, The new volumeDIRTRAN is:  -0.0001
TrajOpt ERROR, The new volumeDIRTRAN is:  -0.0001
TrajOpt ERROR, The new volumeDIRTRAN is:  -0.0001
TrajOpt ERROR, The new volumeDIRTRAN is:  -0.0001
TrajOpt ERROR, The new volumeDIRTRAN is:  -0.0001
TrajOpt ERROR, The new volumeDIRTRAN is:  -0.0001
TrajOpt ERROR, The new volumeDIRTRAN is:  -0.0001
TrajOpt ERROR, The new volumeDIRTRAN is:  -0.0001
TrajOpt ERROR, The new volumeDIRTRAN is:  -0.0001
Inner optimization function evaluation (q11, q22, r, obj):  [9.49535439646202, 16.88809423934773, 10.10881165869866, -6.313922566601009]
TrajOpt ERROR, The new volumeDIRTRAN is:  -0.0001
    2     42 -6.313922566601009e+00 1.3e+00 3.31e+00  3e+00  3e+00 7:33.8
The process took 7 minutes
Optimal solution:  [ 5.54468358 17.70864784  7.11209814]
Optimal value of the objective function:  -11.25427946566252
Outern optimization function evaluation (Mp,lp,q11, q22, r, obj):  [0.16430973166976892, 0.17877156667773406, 5.544683576798743, 17.708647837654972, 7.112098137489893, -11.25427946566252]
TrajOpt ERROR, The new volumeDIRTRAN is:  -0.0001
Inner optimization function evaluation (q11, q22, r, obj):  [7.69251881627111, 18.773501245887715, 5.2714323429233385, -8.372044559751792]
TrajOpt ERROR, The new volumeDIRTRAN is:  -0.0001
TrajOpt ERROR, The new volumeDIRTRAN is:  -0.0001
TrajOpt ERROR, The new volumeDIRTRAN is:  -0.0001
TrajOpt ERROR, The new volumeDIRTRAN is:  -0.0001
TrajOpt ERROR, The new volumeDIRTRAN is:  -0.0001
TrajOpt ERROR, The new volumeDIRTRAN is:  -0.0001
TrajOpt ERROR, The new volumeDIRTRAN is:  -0.0001
TrajOpt ERROR, The new volumeDIRTRAN is:  -0.0001
TrajOpt ERROR, The new volumeDIRTRAN is:  -0.0001
TrajOpt ERROR, The new volumeDIRTRAN is:  -0.0001
TrajOpt ERROR, The new volumeDIRTRAN is:  -0.0001
TrajOpt ERROR, The new volumeDIRTRAN is:  -0.0001
TrajOpt ERROR, The new volumeDIRTRAN is:  -0.0001
TrajOpt ERROR, The new volumeDIRTRAN is:  -0.0001
TrajOpt ERROR, The new volumeDIRTRAN is:  -0.0001
TrajOpt ERROR, The new volumeDIRTRAN is:  -0.0001
TrajOpt ERROR, The new volumeDIRTRAN is:  -0.0001
TrajOpt ERROR, The new volumeDIRTRAN is:  -0.0001
TrajOpt ERROR, The new volumeDIRTRAN is:  -0.0001
Iterat #Fevals   function value  axis ratio  sigma  min&max std  t[m:s]
    1     21 -8.372044559751792e+00 1.0e+00 3.19e+00  3e+00  3e+00 2:10.2
TrajOpt ERROR, The new volumeDIRTRAN is:  -0.0001
TrajOpt ERROR, The new volumeDIRTRAN is:  -0.0001
TrajOpt ERROR, The new volumeDIRTRAN is:  -0.0001
TrajOpt ERROR, The new volumeDIRTRAN is:  -0.0001
TrajOpt ERROR, The new volumeDIRTRAN is:  -0.0001
TrajOpt ERROR, The new volumeDIRTRAN is:  -0.0001
TrajOpt ERROR, The new volumeDIRTRAN is:  -0.0001
TrajOpt ERROR, The new volumeDIRTRAN is:  -0.0001
TrajOpt ERROR, The new volumeDIRTRAN is:  -0.0001
TrajOpt ERROR, The new volumeDIRTRAN is:  -0.0001
TrajOpt ERROR, The new volumeDIRTRAN is:  -0.0001
TrajOpt ERROR, The new volumeDIRTRAN is:  -0.0001
TrajOpt ERROR, The new volumeDIRTRAN is:  -0.0001
TrajOpt ERROR, The new volumeDIRTRAN is:  -0.0001
Inner optimization function evaluation (q11, q22, r, obj):  [1.991277196523746, 16.46844013792647, 8.341758106674634, -10.401892711582883]
TrajOpt ERROR, The new volumeDIRTRAN is:  -0.0001
Inner optimization function evaluation (q11, q22, r, obj):  [1.6404070340170387, 18.175780134043784, 4.838504660655278, -16.680893621990137]
TrajOpt ERROR, The new volumeDIRTRAN is:  -0.0001
TrajOpt ERROR, The new volumeDIRTRAN is:  -0.0001
TrajOpt ERROR, The new volumeDIRTRAN is:  -0.0001
Inner optimization function evaluation (q11, q22, r, obj):  [4.228326300035296, 19.82703820675902, 6.758537872929073, -8.315104231119598]
    2     42 -1.668089362199014e+01 1.4e+00 4.28e+00  4e+00  5e+00 5:18.6
The process took 5 minutes
Optimal solution:  [ 1.64040703 18.17578013  4.83850466]
Optimal value of the objective function:  -16.680893621990137
Outern optimization function evaluation (Mp,lp,q11, q22, r, obj):  [0.23071794870176357, 0.18308089913372055, 1.6404070340170387, 18.175780134043784, 4.838504660655278, -16.680893621990137]
TrajOpt ERROR, The new volumeDIRTRAN is:  -0.0001
TrajOpt ERROR, The new volumeDIRTRAN is:  -0.0001
TrajOpt ERROR, The new volumeDIRTRAN is:  -0.0001
TrajOpt ERROR, The new volumeDIRTRAN is:  -0.0001
TrajOpt ERROR, The new volumeDIRTRAN is:  -0.0001
TrajOpt ERROR, The new volumeDIRTRAN is:  -0.0001
TrajOpt ERROR, The new volumeDIRTRAN is:  -0.0001
TrajOpt ERROR, The new volumeDIRTRAN is:  -0.0001
TrajOpt ERROR, The new volumeDIRTRAN is:  -0.0001
TrajOpt ERROR, The new volumeDIRTRAN is:  -0.0001
TrajOpt ERROR, The new volumeDIRTRAN is:  -0.0001
TrajOpt ERROR, The new volumeDIRTRAN is:  -0.0001
TrajOpt ERROR, The new volumeDIRTRAN is:  -0.0001
TrajOpt ERROR, The new volumeDIRTRAN is:  -0.0001
TrajOpt ERROR, The new volumeDIRTRAN is:  -0.0001
TrajOpt ERROR, The new volumeDIRTRAN is:  -0.0001
TrajOpt ERROR, The new volumeDIRTRAN is:  -0.0001
TrajOpt ERROR, The new volumeDIRTRAN is:  -0.0001
TrajOpt ERROR, The new volumeDIRTRAN is:  -0.0001
TrajOpt ERROR, The new volumeDIRTRAN is:  -0.0001
TrajOpt ERROR, The new volumeDIRTRAN is:  -0.0001
Iterat #Fevals   function value  axis ratio  sigma  min&max std  t[m:s]
    1     21 -1.000000000000000e-04 1.0e+00 3.10e+00  3e+00  3e+00 1:26.8
No trajectory founded, probably due to a bad design...
The process took 1 minutes
Optimal solution:  [ 1.3437928  15.55423611  2.98551557]
Optimal value of the objective function:  -0.0001
Outern optimization function evaluation (Mp,lp,q11, q22, r, obj):  [0.27704497492371943, 0.1778307866805525, 1.3437928027557544, 15.554236112483105, 2.9855155745761923, -0.0001]
Inner optimization function evaluation (q11, q22, r, obj):  [2.967600436080235, 17.864979283487685, 5.8771814475366195, -10.847040192075058]
TrajOpt ERROR, The new volumeDIRTRAN is:  -0.0001
TrajOpt ERROR, The new volumeDIRTRAN is:  -0.0001
TrajOpt ERROR, The new volumeDIRTRAN is:  -0.0001
TrajOpt ERROR, The new volumeDIRTRAN is:  -0.0001
Inner optimization function evaluation (q11, q22, r, obj):  [3.445070418452359, 15.756871238251003, 3.413882337120657, -17.05281422841688]
TrajOpt ERROR, The new volumeDIRTRAN is:  -0.0001
TrajOpt ERROR, The new volumeDIRTRAN is:  -0.0001
TrajOpt ERROR, The new volumeDIRTRAN is:  -0.0001
Inner optimization function evaluation (q11, q22, r, obj):  [5.512358277318924, 15.72523949379055, 0.8566804538690889, -58.58322947001598]
Inner optimization function evaluation (q11, q22, r, obj):  [1.008469078144337, 14.251608025443419, 7.798728621653977, -14.455365820558084]
TrajOpt ERROR, The new volumeDIRTRAN is:  -0.0001
TrajOpt ERROR, The new volumeDIRTRAN is:  -0.0001
TrajOpt ERROR, The new volumeDIRTRAN is:  -0.0001
TrajOpt ERROR, The new volumeDIRTRAN is:  -0.0001
TrajOpt ERROR, The new volumeDIRTRAN is:  -0.0001
TrajOpt ERROR, The new volumeDIRTRAN is:  -0.0001
TrajOpt ERROR, The new volumeDIRTRAN is:  -0.0001
TrajOpt ERROR, The new volumeDIRTRAN is:  -0.0001
TrajOpt ERROR, The new volumeDIRTRAN is:  -0.0001
Inner optimization function evaluation (q11, q22, r, obj):  [1.361992223879581, 16.344030983877794, 3.2893273891480757, -23.833719619746546]
Iterat #Fevals   function value  axis ratio  sigma  min&max std  t[m:s]
    1     21 -5.858322947001598e+01 1.0e+00 2.96e+00  3e+00  3e+00 4:39.0
TrajOpt ERROR, The new volumeDIRTRAN is:  -0.0001
Inner optimization function evaluation (q11, q22, r, obj):  [4.4363446812586576, 11.417348084768316, 5.058161981947543, -14.000331772539079]
TrajOpt ERROR, The new volumeDIRTRAN is:  -0.0001
TrajOpt ERROR, The new volumeDIRTRAN is:  -0.0001
TrajOpt ERROR, The new volumeDIRTRAN is:  -0.0001
TrajOpt ERROR, The new volumeDIRTRAN is:  -0.0001
Inner optimization function evaluation (q11, q22, r, obj):  [2.057337428484856, 12.994170749084905, 5.340954673514242, -16.106349283475485]
TrajOpt ERROR, The new volumeDIRTRAN is:  -0.0001
Inner optimization function evaluation (q11, q22, r, obj):  [6.443238308862963, 11.592606959080769, 1.295859476977999, -37.19837968621519]
TrajOpt ERROR, The new volumeDIRTRAN is:  -0.0001
Inner optimization function evaluation (q11, q22, r, obj):  [3.483530687869675, 18.96703765145636, 5.00439392217867, -11.342123085438581]
TrajOpt ERROR, The new volumeDIRTRAN is:  -0.0001
Inner optimization function evaluation (q11, q22, r, obj):  [3.2180171643748787, 19.998432141604674, 3.694008991032732, -16.304750826105238]
TrajOpt ERROR, The new volumeDIRTRAN is:  -0.0001
TrajOpt ERROR, The new volumeDIRTRAN is:  -0.0001
Inner optimization function evaluation (q11, q22, r, obj):  [1.1873095378902312, 12.842538466331076, 4.973818881153676, -20.59923947710402]
TrajOpt ERROR, The new volumeDIRTRAN is:  -0.0001
TrajOpt ERROR, The new volumeDIRTRAN is:  -0.0001
TrajOpt ERROR, The new volumeDIRTRAN is:  -0.0001
TrajOpt ERROR, The new volumeDIRTRAN is:  -0.0001
TrajOpt ERROR, The new volumeDIRTRAN is:  -0.0001
    2     42 -3.719837968621519e+01 1.2e+00 2.60e+00  2e+00  3e+00 9:02.3
The process took 9 minutes
Optimal solution:  [ 5.51235828 15.72523949  0.85668045]
Optimal value of the objective function:  -58.58322947001598
Outern optimization function evaluation (Mp,lp,q11, q22, r, obj):  [0.24821447006818423, 0.18259700837711992, 5.512358277318924, 15.72523949379055, 0.8566804538690889, -58.58322947001598]
TrajOpt ERROR, The new volumeDIRTRAN is:  -0.0001
TrajOpt ERROR, The new volumeDIRTRAN is:  -0.0001
TrajOpt ERROR, The new volumeDIRTRAN is:  -0.0001
TrajOpt ERROR, The new volumeDIRTRAN is:  -0.0001
Inner optimization function evaluation (q11, q22, r, obj):  [3.5458519799664465, 14.705340042224185, 4.380950338450126, -15.87144784829811]
TrajOpt ERROR, The new volumeDIRTRAN is:  -0.0001
TrajOpt ERROR, The new volumeDIRTRAN is:  -0.0001
TrajOpt ERROR, The new volumeDIRTRAN is:  -0.0001
TrajOpt ERROR, The new volumeDIRTRAN is:  -0.0001
TrajOpt ERROR, The new volumeDIRTRAN is:  -0.0001
TrajOpt ERROR, The new volumeDIRTRAN is:  -0.0001
TrajOpt ERROR, The new volumeDIRTRAN is:  -0.0001
TrajOpt ERROR, The new volumeDIRTRAN is:  -0.0001
TrajOpt ERROR, The new volumeDIRTRAN is:  -0.0001
TrajOpt ERROR, The new volumeDIRTRAN is:  -0.0001
TrajOpt ERROR, The new volumeDIRTRAN is:  -0.0001
TrajOpt ERROR, The new volumeDIRTRAN is:  -0.0001
TrajOpt ERROR, The new volumeDIRTRAN is:  -0.0001
TrajOpt ERROR, The new volumeDIRTRAN is:  -0.0001
TrajOpt ERROR, The new volumeDIRTRAN is:  -0.0001
TrajOpt ERROR, The new volumeDIRTRAN is:  -0.0001
Iterat #Fevals   function value  axis ratio  sigma  min&max std  t[m:s]
    1     21 -1.587144784829811e+01 1.0e+00 3.34e+00  3e+00  4e+00 1:55.8
TrajOpt ERROR, The new volumeDIRTRAN is:  -0.0001
TrajOpt ERROR, The new volumeDIRTRAN is:  -0.0001
TrajOpt ERROR, The new volumeDIRTRAN is:  -0.0001
TrajOpt ERROR, The new volumeDIRTRAN is:  -0.0001
TrajOpt ERROR, The new volumeDIRTRAN is:  -0.0001
TrajOpt ERROR, The new volumeDIRTRAN is:  -0.0001
TrajOpt ERROR, The new volumeDIRTRAN is:  -0.0001
TrajOpt ERROR, The new volumeDIRTRAN is:  -0.0001
TrajOpt ERROR, The new volumeDIRTRAN is:  -0.0001
TrajOpt ERROR, The new volumeDIRTRAN is:  -0.0001
TrajOpt ERROR, The new volumeDIRTRAN is:  -0.0001
TrajOpt ERROR, The new volumeDIRTRAN is:  -0.0001
TrajOpt ERROR, The new volumeDIRTRAN is:  -0.0001
TrajOpt ERROR, The new volumeDIRTRAN is:  -0.0001
TrajOpt ERROR, The new volumeDIRTRAN is:  -0.0001
TrajOpt ERROR, The new volumeDIRTRAN is:  -0.0001
TrajOpt ERROR, The new volumeDIRTRAN is:  -0.0001
TrajOpt ERROR, The new volumeDIRTRAN is:  -0.0001
TrajOpt ERROR, The new volumeDIRTRAN is:  -0.0001
TrajOpt ERROR, The new volumeDIRTRAN is:  -0.0001
TrajOpt ERROR, The new volumeDIRTRAN is:  -0.0001
    2     42 -1.000000000000000e-04 1.5e+00 3.16e+00  3e+00  4e+00 3:13.3
The process took 3 minutes
Optimal solution:  [ 3.54585198 14.70534004  4.38095034]
Optimal value of the objective function:  -15.87144784829811
Outern optimization function evaluation (Mp,lp,q11, q22, r, obj):  [0.25591672484468114, 0.17780022043838217, 3.5458519799664465, 14.705340042224185, 4.380950338450126, -15.87144784829811]
Iterat #Fevals   function value  axis ratio  sigma  min&max std  t[m:s]
    1     18 -9.484182365306656e+02 1.0e+00 8.94e-02  3e-02  4e-02 137:13.6
The process took 137 minutes
Optimal solution (l, m, q11, q22, r):  [0.17815575558286817, 0.16222729548459114, 4.560912993196622, 8.33387512927499, 0.27747487161879014]
Optimal value of the objective function:  -948.4182365306656
The optimal l is:  0.16222729548459114
The optimal m is:  0.17815575558286817
The optimal Q is:  [[4.56091299 0.         0.         0.        ]
 [0.         8.33387513 0.         0.        ]
 [0.         0.         0.1        0.        ]
 [0.         0.         0.         0.1       ]]
The optimal R is:  0.27747487161879014
Volume of CMA-ES funnel: 1207.9219898991425
Volume of init funnel: 6.3994495842887655
job Finisced!
